2019/06/12 22:28:09.78	FSgrep	20928	"Z:\filelist"	*Py*	r	[0-9][0-9]  [0-9]
2019/06/12 22:30:25.83	FSgrep	0	"Z:\filelist"	Z:\FSgrep\FSgrep-result_20190612_2229.txt	r	La
2019/06/12 22:36:26.51	FSgrep	3160	"Z:\filelist"	*Py*	r	"re"
2019/06/12 22:43:37.95	FSgrep	144	"Z:\filelist"	*Py*	r	"red"
2019/06/12 22:49:49.07	FSgrep	0	"Z:\filelist"	*Py*	r	"(2019)/"
2019/06/12 22:50:34.20	FSgrep	0	"Z:\filelist"	Z:\FSgrep\FSgrep-result_20190612_2249.txt	 q	" q"
2019/06/12 22:51:02.39	FSgrep	39720	"Z:\filelist"	*Py*	r	"[0-9]*"
2019/06/15 18:18:42.71	FSgrep	4986654	"z:\filelist\"	*.*	v	"c:"
2019/06/15 18:20:16.92	FSgrep	640	"z:\filelist\"	*Py*	r	"lib.*test"
2019/06/15 18:20:36.60	FSgrep	100	"z:\filelist\"	C:\sdcard\Priv\Desktop\WinEnvSet\FSgrep\FSgrep-result_20190615_182016.txt	v	".py"
2019/06/15 18:21:09.16	FSgrep	0	"z:\filelist\"	C:\sdcard\Priv\Desktop\WinEnvSet\FSgrep\FSgrep-result_20190615_182036.txt	z	".py"
2019/06/15 18:58:09.81	FSgrep	640	"z:\filelist\"	*Py*	r	"lib.*test"
2019/06/15 18:58:21.37	FSgrep	100	"z:\filelist\"	C:\sdcard\Priv\Desktop\WinEnvSet\FSgrep\FSgrep-result_20190615_185809.txt	v	".py"
2019/06/15 18:58:33.03	FSgrep	540	"z:\filelist\"	C:\sdcard\Priv\Desktop\WinEnvSet\FSgrep\FSgrep-result_20190615_185809.txt 	z	".py"
2019/06/15 19:00:46.01	FSgrep	640	"z:\filelist\"	*Py*	r	"lib.*test"
2019/06/15 19:00:52.49	FSgrep	100	"z:\filelist\"	C:\sdcard\Priv\Desktop\WinEnvSet\FSgrep\FSgrep-result_20190615_190045.txt	v	".py"
2019/06/15 19:00:58.45	FSgrep	540	"z:\filelist\"	C:\sdcard\Priv\Desktop\WinEnvSet\FSgrep\FSgrep-result_20190615_190045.txt 	z	".py"
2019/06/15 20:10:29.27	FSgrep	4896	"C:\sdcard\Priv\Desktop\WinEnvSet\filelist"	*wp*	0	"f"
2019/06/15 22:28:47.24	FSgrep	28112	"C:\sdcard\Priv\Desktop\WinEnvSet\filelist"	*wp* 	z	".p"
2019/06/15 22:30:36.41	FSgrep	40752	"z:\filelist"	*wp*	srv	".png"
2019/06/15 22:31:10.35	FSgrep	40752	"z:\filelist"	C:\sdcard\Priv\Desktop\WinEnvSet\FSgrep\FSgrep-result_20190615_223034.txt	i	"P"
2019/06/15 22:31:30.37	FSgrep	5368	"z:\filelist"	C:\sdcard\Priv\Desktop\WinEnvSet\FSgrep\FSgrep-result_20190615_223109.txt	i	"CS"
2019/06/15 22:31:52.64	FSgrep	5368	"z:\filelist"	C:\sdcard\Priv\Desktop\WinEnvSet\FSgrep\FSgrep-result_20190615_223129.txt	i	"CS"
2019/06/15 22:34:25.14	FSgrep	0	"z:\filelist"	C:\sdcard\Priv\Desktop\WinEnvSet\FSgrep\FSgrep-result_20190615_223152.txt	0	"CS"
2019/06/15 22:34:31.21	FSgrep	5368	"z:\filelist"	C:\sdcard\Priv\Desktop\WinEnvSet\FSgrep\FSgrep-result_20190615_223152.txt 	z	"C"
2019/06/15 22:34:42.40	FSgrep	40	"z:\filelist"	C:\sdcard\Priv\Desktop\WinEnvSet\FSgrep\FSgrep-result_20190615_223152.txt  	z	"R"
